# JRE version: OpenJDK Runtime Environment (Zulu 8.58.0.13-CA-macosx) (8.0_312-b07) (build 1.8.0_312-b07)
# Java VM: OpenJDK 64-Bit Server VM (25.312-b07 mixed mode bsd-amd64 compressed oops)
Heap:
 PSYoungGen      total 577536K, used 84345K [0x0000000795580000, 0x00000007bff00000, 0x00000007c0000000)
  eden space 566272K, 12% used [0x0000000795580000,0x0000000799ce1af8,0x00000007b7e80000)
  from space 11264K, 99% used [0x00000007bf400000,0x00000007bfefca88,0x00000007bff00000)
  to   space 14848K, 0% used [0x00000007be200000,0x00000007be200000,0x00000007bf080000)
 ParOldGen       total 71680K, used 23241K [0x0000000740000000, 0x0000000744600000, 0x0000000795580000)
  object space 71680K, 32% used [0x0000000740000000,0x00000007416b24f0,0x0000000744600000)
 Metaspace       used 28094K, capacity 28820K, committed 28928K, reserved 1075200K
  class space    used 3356K, capacity 3520K, committed 3584K, reserved 1048576K
GC Heap History (10 events):
Event: 9.579 GC heap before
{Heap before GC invocations=9 (full 0):
 PSYoungGen      total 273408K, used 273077K [0x0000000795580000, 0x00000007a6b80000, 0x00000007c0000000)
  eden space 265216K, 100% used [0x0000000795580000,0x00000007a5880000,0x00000007a5880000)
  from space 8192K, 95% used [0x00000007a6180000,0x00000007a692d6d8,0x00000007a6980000)
  to   space 9216K, 0% used [0x00000007a5880000,0x00000007a5880000,0x00000007a6180000)
 ParOldGen       total 87552K, used 4728K [0x0000000740000000, 0x0000000745580000, 0x0000000795580000)
  object space 87552K, 5% used [0x0000000740000000,0x000000074049e168,0x0000000745580000)
 Metaspace       used 18328K, capacity 18560K, committed 18944K, reserved 1067008K
  class space    used 2124K, capacity 2198K, committed 2304K, reserved 1048576K
Event: 9.612 GC heap after
Heap after GC invocations=9 (full 0):
 PSYoungGen      total 274432K, used 9216K [0x0000000795580000, 0x00000007b0b00000, 0x00000007c0000000)
  eden space 265216K, 0% used [0x0000000795580000,0x0000000795580000,0x00000007a5880000)
  from space 9216K, 100% used [0x00000007a5880000,0x00000007a6180000,0x00000007a6180000)
  to   space 11776K, 0% used [0x00000007aff80000,0x00000007aff80000,0x00000007b0b00000)
 ParOldGen       total 87552K, used 6893K [0x0000000740000000, 0x0000000745580000, 0x0000000795580000)
  object space 87552K, 7% used [0x0000000740000000,0x00000007406bb420,0x0000000745580000)
 Metaspace       used 18328K, capacity 18560K, committed 18944K, reserved 1067008K
  class space    used 2124K, capacity 2198K, committed 2304K, reserved 1048576K
}
Event: 11.256 GC heap before
{Heap before GC invocations=10 (full 0):
 PSYoungGen      total 274432K, used 274432K [0x0000000795580000, 0x00000007b0b00000, 0x00000007c0000000)
  eden space 265216K, 100% used [0x0000000795580000,0x00000007a5880000,0x00000007a5880000)
  from space 9216K, 100% used [0x00000007a5880000,0x00000007a6180000,0x00000007a6180000)
  to   space 11776K, 0% used [0x00000007aff80000,0x00000007aff80000,0x00000007b0b00000)
 ParOldGen       total 87552K, used 6893K [0x0000000740000000, 0x0000000745580000, 0x0000000795580000)
  object space 87552K, 7% used [0x0000000740000000,0x00000007406bb420,0x0000000745580000)
 Metaspace       used 18624K, capacity 18810K, committed 19200K, reserved 1067008K
  class space    used 2161K, capacity 2233K, committed 2304K, reserved 1048576K
Event: 11.296 GC heap after
Heap after GC invocations=10 (full 0):
 PSYoungGen      total 436224K, used 7126K [0x0000000795580000, 0x00000007b0b00000, 0x00000007c0000000)
  eden space 424448K, 0% used [0x0000000795580000,0x0000000795580000,0x00000007af400000)
  from space 11776K, 60% used [0x00000007aff80000,0x00000007b0675838,0x00000007b0b00000)
  to   space 11776K, 0% used [0x00000007af400000,0x00000007af400000,0x00000007aff80000)
 ParOldGen       total 87552K, used 12453K [0x0000000740000000, 0x0000000745580000, 0x0000000795580000)
  object space 87552K, 14% used [0x0000000740000000,0x0000000740c29420,0x0000000745580000)
 Metaspace       used 18624K, capacity 18810K, committed 19200K, reserved 1067008K
  class space    used 2161K, capacity 2233K, committed 2304K, reserved 1048576K
}
Event: 13.675 GC heap before
{Heap before GC invocations=11 (full 0):
 PSYoungGen      total 436224K, used 312826K [0x0000000795580000, 0x00000007b0b00000, 0x00000007c0000000)
  eden space 424448K, 72% used [0x0000000795580000,0x00000007a8009130,0x00000007af400000)
  from space 11776K, 60% used [0x00000007aff80000,0x00000007b0675838,0x00000007b0b00000)
  to   space 11776K, 0% used [0x00000007af400000,0x00000007af400000,0x00000007aff80000)
 ParOldGen       total 87552K, used 12453K [0x0000000740000000, 0x0000000745580000, 0x0000000795580000)
  object space 87552K, 14% used [0x0000000740000000,0x0000000740c29420,0x0000000745580000)
 Metaspace       used 20945K, capacity 21178K, committed 21296K, reserved 1069056K
  class space    used 2464K, capacity 2545K, committed 2560K, reserved 1048576K
Event: 13.714 GC heap after
Heap after GC invocations=11 (full 0):
 PSYoungGen      total 436224K, used 6424K [0x0000000795580000, 0x00000007bff00000, 0x00000007c0000000)
  eden space 424448K, 0% used [0x0000000795580000,0x0000000795580000,0x00000007af400000)
  from space 11776K, 54% used [0x00000007af400000,0x00000007afa463a0,0x00000007aff80000)
  to   space 11264K, 0% used [0x00000007bf400000,0x00000007bf400000,0x00000007bff00000)
 ParOldGen       total 87552K, used 16753K [0x0000000740000000, 0x0000000745580000, 0x0000000795580000)
  object space 87552K, 19% used [0x0000000740000000,0x000000074105c430,0x0000000745580000)
 Metaspace       used 20945K, capacity 21178K, committed 21296K, reserved 1069056K
  class space    used 2464K, capacity 2545K, committed 2560K, reserved 1048576K
}
Event: 13.714 GC heap before
{Heap before GC invocations=12 (full 1):
 PSYoungGen      total 436224K, used 6424K [0x0000000795580000, 0x00000007bff00000, 0x00000007c0000000)
  eden space 424448K, 0% used [0x0000000795580000,0x0000000795580000,0x00000007af400000)
  from space 11776K, 54% used [0x00000007af400000,0x00000007afa463a0,0x00000007aff80000)
  to   space 11264K, 0% used [0x00000007bf400000,0x00000007bf400000,0x00000007bff00000)
 ParOldGen       total 87552K, used 16753K [0x0000000740000000, 0x0000000745580000, 0x0000000795580000)
  object space 87552K, 19% used [0x0000000740000000,0x000000074105c430,0x0000000745580000)
 Metaspace       used 20945K, capacity 21178K, committed 21296K, reserved 1069056K
  class space    used 2464K, capacity 2545K, committed 2560K, reserved 1048576K
Event: 13.908 GC heap after
Heap after GC invocations=12 (full 1):
 PSYoungGen      total 436224K, used 0K [0x0000000795580000, 0x00000007bff00000, 0x00000007c0000000)
  eden space 424448K, 0% used [0x0000000795580000,0x0000000795580000,0x00000007af400000)
  from space 11776K, 0% used [0x00000007af400000,0x00000007af400000,0x00000007aff80000)
  to   space 11264K, 0% used [0x00000007bf400000,0x00000007bf400000,0x00000007bff00000)
 ParOldGen       total 71680K, used 18693K [0x0000000740000000, 0x0000000744600000, 0x0000000795580000)
  object space 71680K, 26% used [0x0000000740000000,0x0000000741241798,0x0000000744600000)
 Metaspace       used 20945K, capacity 21178K, committed 21296K, reserved 1069056K
  class space    used 2464K, capacity 2545K, committed 2560K, reserved 1048576K
}
Event: 17.714 GC heap before
{Heap before GC invocations=13 (full 1):
 PSYoungGen      total 436224K, used 424448K [0x0000000795580000, 0x00000007bff00000, 0x00000007c0000000)
  eden space 424448K, 100% used [0x0000000795580000,0x00000007af400000,0x00000007af400000)
  from space 11776K, 0% used [0x00000007af400000,0x00000007af400000,0x00000007aff80000)
  to   space 11264K, 0% used [0x00000007bf400000,0x00000007bf400000,0x00000007bff00000)
 ParOldGen       total 71680K, used 18693K [0x0000000740000000, 0x0000000744600000, 0x0000000795580000)
  object space 71680K, 26% used [0x0000000740000000,0x0000000741241798,0x0000000744600000)
 Metaspace       used 27994K, capacity 28666K, committed 28928K, reserved 1075200K
  class space    used 3340K, capacity 3513K, committed 3584K, reserved 1048576K
Event: 17.764 GC heap after
Heap after GC invocations=13 (full 1):
 PSYoungGen      total 577536K, used 11250K [0x0000000795580000, 0x00000007bff00000, 0x00000007c0000000)
  eden space 566272K, 0% used [0x0000000795580000,0x0000000795580000,0x00000007b7e80000)
  from space 11264K, 99% used [0x00000007bf400000,0x00000007bfefca88,0x00000007bff00000)
  to   space 14848K, 0% used [0x00000007be200000,0x00000007be200000,0x00000007bf080000)
 ParOldGen       total 71680K, used 23241K [0x0000000740000000, 0x0000000744600000, 0x0000000795580000)
  object space 71680K, 32% used [0x0000000740000000,0x00000007416b24f0,0x0000000744600000)
 Metaspace       used 27994K, capacity 28666K, committed 28928K, reserved 1075200K
  class space    used 3340K, capacity 3513K, committed 3584K, reserved 1048576K
}

